dexy - INFO - starting logging for dexy
dexy - INFO - using config file 'example/dexy.yaml'
dexy - INFO - using config file 'dexy.yaml'
dexy - INFO - running 2769753127b69a78719df4b73e9887d1 pattern:example/*.md|jinja|markdown|easyhtml: about to run 'pattern:example/*.md|jinja|markdown|easyhtml'
dexy - INFO - running f2d8cb020679b72c2d5333611e42870c pattern:example/*.py|idio: about to run 'pattern:example/*.py|idio'
dexy - INFO - running 3e8ec92c45f960398817cb0cb203ecb1 doc:example/code002.py|idio: about to run 'doc:example/code002.py|idio'
dexy - INFO - running d6012ff036ca11eedbe8eb0e481ed4d9 doc:example/code001.py|idio: about to run 'doc:example/code001.py|idio'
dexy - INFO - running d75d19bd27c67d420197cfdba780e25c pattern:example/*.py|idio|pycon|pyg: about to run 'pattern:example/*.py|idio|pycon|pyg'
dexy - INFO - running 017ffbd9e9d3f3b5d8dcf62e9ae3f859 pattern:example/*.csv: about to run 'pattern:example/*.csv'
dexy - INFO - running 71d7a4e6afd714ae2fdcfe9fc895b470 doc:example/data.csv: about to run 'doc:example/data.csv'
dexy - INFO - running 208b0d6e7509808e1ad38b5437ce5d4f doc:example/code002.py|idio|pycon|pyg: about to run 'doc:example/code002.py|idio|pycon|pyg'
dexy - INFO - running fc08c27e5b0f985599a76e2e7af31a97 doc:example/code002.py.txt-vars.json: about to run 'doc:example/code002.py.txt-vars.json'
dexy - INFO - running 6faa8bad2da4d78f9fcdeac060c4a9e8 doc:example/pyplot-xy-example.png: about to run 'doc:example/pyplot-xy-example.png'
dexy - INFO - running ad2afd992d2dcc5c4a6729ea362ef5e5 doc:example/code001.py|idio|pycon|pyg: about to run 'doc:example/code001.py|idio|pycon|pyg'
dexy - INFO - running 326629b0d6ea718724893c4bba3bd52f doc:example/code001.py.txt-vars.json: about to run 'doc:example/code001.py.txt-vars.json'
dexy - INFO - running 41d06d7159ac4febe43075da304174c1 doc:example/pyplot-hist-example.png: about to run 'doc:example/pyplot-hist-example.png'
dexy - INFO - running 0e84cba37cd1578c63e83ceebee036fc doc:example/tree.sh|shint|pyg: about to run 'doc:example/tree.sh|shint|pyg'
dexy - INFO - running 890d832a8b6274e207183d698ee0f40c pattern:example/*.yaml|pyg: about to run 'pattern:example/*.yaml|pyg'
dexy - INFO - running 7b28dd3d34d412425d7cceda133a2a43 doc:example/dexy.yaml|pyg: about to run 'doc:example/dexy.yaml|pyg'
dexy - INFO - running e28215b4e6996e3b712dbb976c00f6a7 pattern:example/*.md|pyg: about to run 'pattern:example/*.md|pyg'
dexy - INFO - running c067e5dcb9f8ed6905c8c876ae3add6b doc:example/index.md|pyg: about to run 'doc:example/index.md|pyg'
dexy - INFO - running ce6b28638a54ae44fef053136c662212 doc:example/index.md|jinja|markdown|easyhtml: about to run 'doc:example/index.md|jinja|markdown|easyhtml'
dexy - INFO - running 32bb636196f91ed59d7a49190e26b42c bundle:assets: about to run 'bundle:assets'
dexy - INFO - running b1394f77349aa2adbe7c78c18a72bc9b pattern:*.css|jinja: about to run 'pattern:*.css|jinja'
dexy - INFO - running 92839b00039de6bde9ecc5b837e81149 doc:impress-demo.css|jinja: about to run 'doc:impress-demo.css|jinja'
dexy - INFO - running e83389bdd4d92df8e9bc65c5a3682c4f pattern:*.js: about to run 'pattern:*.js'
dexy - INFO - running 642dbfc47727a4dc6ad66ff87a6e0748 doc:jquery.js: about to run 'doc:jquery.js'
dexy - INFO - running 7b09eebc641a0afdec40235e82781aca doc:impress.js: about to run 'doc:impress.js'
dexy - INFO - running fc36854b6867c1581ab159b09dd7e2f4 pattern:*.png: about to run 'pattern:*.png'
dexy - INFO - running 1bb87d41d15fe27b500a4bfcde01bb0e doc:logo.png: about to run 'doc:logo.png'
dexy - INFO - running ba967b4154d84066fb2b143c597ce9c0 pattern:*.jpg: about to run 'pattern:*.jpg'
dexy - INFO - running 36a624834b20a3ed95c087ed1283b7c7 pattern:*.*|pyg: about to run 'pattern:*.*|pyg'
dexy - INFO - running 32dcf459ca280754bbc9cdb15eba56ab doc:_template.html|pyg: about to run 'doc:_template.html|pyg'
dexy - INFO - running 808754d01c804bfb580a679176a0bcac doc:jquery.js|pyg: about to run 'doc:jquery.js|pyg'
dexy - INFO - running 61fd7fdd9902614cd7862ecc17de4cbd doc:impress.pyc|pyg: about to run 'doc:impress.pyc|pyg'
dexy - WARNING - running 61fd7fdd9902614cd7862ecc17de4cbd doc:impress.pyc|pyg: Pygments doesn't know how to syntax highlight files like 'impress.pyc' (for 'impress.pyc|pyg').    You might need to specify the lexer manually.
dexy - INFO - running 9bd9bff25bbe53ddd14e69e0684af2f3 doc:example/data.csv|pyg: about to run 'doc:example/data.csv|pyg'
dexy - WARNING - running 9bd9bff25bbe53ddd14e69e0684af2f3 doc:example/data.csv|pyg: Pygments doesn't know how to syntax highlight files like 'example/data.csv' (for 'example/data.csv|pyg').    You might need to specify the lexer manually.
dexy - INFO - running b89fd9ffd8797197b0f2fbb4f5461d70 doc:impress.py|pyg: about to run 'doc:impress.py|pyg'
dexy - INFO - running fcd92c62ee55fe80a08d52ef0c80c37a doc:impress-demo.css|pyg: about to run 'doc:impress-demo.css|pyg'
dexy - INFO - running 577904de1d5a1d6eed9404bea9bfa51f doc:dexy.conf|pyg: about to run 'doc:dexy.conf|pyg'
dexy - WARNING - running 577904de1d5a1d6eed9404bea9bfa51f doc:dexy.conf|pyg: Pygments doesn't know how to syntax highlight files like 'dexy.conf' (for 'dexy.conf|pyg').    You might need to specify the lexer manually.
dexy - INFO - running 44453d62a4d57b2c8f5cd24a52bdbbad doc:impress.js|pyg: about to run 'doc:impress.js|pyg'
dexy - INFO - running 7ead4d8b53227f8ba4d087308f48aa56 doc:example/code002.py|pyg: about to run 'doc:example/code002.py|pyg'
dexy - INFO - running 5033fa61e2b13767c1a6a4619a7c1b4d doc:logo.png|pyg: about to run 'doc:logo.png|pyg'
dexy - WARNING - running 5033fa61e2b13767c1a6a4619a7c1b4d doc:logo.png|pyg: Pygments doesn't know how to syntax highlight files like 'logo.png' (for 'logo.png|pyg').    You might need to specify the lexer manually.
dexy - INFO - running 7b28dd3d34d412425d7cceda133a2a43 doc:example/dexy.yaml|pyg: about to run 'doc:example/dexy.yaml|pyg'
dexy - INFO - running b39afb0fecb274c906f17a180b04857e doc:slides.md|pyg: about to run 'doc:slides.md|pyg'
dexy - INFO - running c067e5dcb9f8ed6905c8c876ae3add6b doc:example/index.md|pyg: about to run 'doc:example/index.md|pyg'
dexy - INFO - running 31f2521a8452ae0bf3993c5c62e11291 doc:dexy.yaml|pyg: about to run 'doc:dexy.yaml|pyg'
dexy - INFO - running f3eaebc040ba3360c7edbf1523126ea4 doc:impress-new.py|pyg: about to run 'doc:impress-new.py|pyg'
dexy - INFO - running 502656619aabd2ab1a55d74dcdcdc24e doc:example/code001.py|pyg: about to run 'doc:example/code001.py|pyg'
dexy - INFO - running c842e85a65adda78b05d15de091a7b14 doc:README.md|pyg: about to run 'doc:README.md|pyg'
dexy - INFO - running 761ad4d80e152dc20d282f4757e0bef3 doc:slides.md|jinja|impress|markdown: about to run 'doc:slides.md|jinja|impress|markdown'
dexy - INFO - running 36cd38f49b9afa08222c0dc9ebfe35eb bundle:source: about to run 'bundle:source'
dexy - INFO - running ef5df339533c1334f081dc8cc75ee4f3 pattern:*.txt: about to run 'pattern:*.txt'
dexy - INFO - running 08156acf3983f86025a242dd0c31efe5 pattern:*.md: about to run 'pattern:*.md'
dexy - INFO - running 90014a872bdadc29d38e0ddafb91b9e9 doc:slides.md: about to run 'doc:slides.md'
dexy - INFO - running 4870f26c8ceab84e13d7755aa5d855f2 doc:example/index.md: about to run 'doc:example/index.md'
dexy - INFO - running 04c6e90faac2675aa89e2176d2eec7d8 doc:README.md: about to run 'doc:README.md'
dexy - INFO - running 35856d4ea623cb3ec18b7dd1eee29417 pattern:*.py|idio: about to run 'pattern:*.py|idio'
dexy - INFO - running 7206e6840c70e8df98218e8e62524453 doc:impress.py|idio: about to run 'doc:impress.py|idio'
dexy - INFO - running 3e8ec92c45f960398817cb0cb203ecb1 doc:example/code002.py|idio: about to run 'doc:example/code002.py|idio'
dexy - INFO - running cd9ad96b925ae4c58cddc435025d1410 doc:impress-new.py|idio: about to run 'doc:impress-new.py|idio'
dexy - INFO - running d6012ff036ca11eedbe8eb0e481ed4d9 doc:example/code001.py|idio: about to run 'doc:example/code001.py|idio'
dexy - INFO - running 3582660fbd0ce50f930690eb51caa383 pattern:*.yaml|idio: about to run 'pattern:*.yaml|idio'
dexy - INFO - running 5eff7a7da8ef128ca447eb04f79b2f61 doc:example/dexy.yaml|idio: about to run 'doc:example/dexy.yaml|idio'
dexy - INFO - running eda28aee39de7a9a9c925b9a3064b38e doc:dexy.yaml|idio: about to run 'doc:dexy.yaml|idio'
dexy - INFO - running 8a1f11d0b8b65e95a6533b0cfb845c66 pattern:*.yaml|pyg: about to run 'pattern:*.yaml|pyg'
dexy - INFO - running 7b28dd3d34d412425d7cceda133a2a43 doc:example/dexy.yaml|pyg: about to run 'doc:example/dexy.yaml|pyg'
dexy - INFO - running 31f2521a8452ae0bf3993c5c62e11291 doc:dexy.yaml|pyg: about to run 'doc:dexy.yaml|pyg'
dexy - INFO - starting logging for dexy
dexy - INFO - using config file 'example/dexy.yaml'
dexy - INFO - using config file 'dexy.yaml'
dexy - INFO - running 2769753127b69a78719df4b73e9887d1 pattern:example/*.md|jinja|markdown|easyhtml: about to run 'pattern:example/*.md|jinja|markdown|easyhtml'
dexy - INFO - running f2d8cb020679b72c2d5333611e42870c pattern:example/*.py|idio: using cache for 'pattern:example/*.py|idio'
dexy - INFO - running d75d19bd27c67d420197cfdba780e25c pattern:example/*.py|idio|pycon|pyg: using cache for 'pattern:example/*.py|idio|pycon|pyg'
dexy - INFO - running 0e84cba37cd1578c63e83ceebee036fc doc:example/tree.sh|shint|pyg: using cache for 'doc:example/tree.sh|shint|pyg'
dexy - INFO - running 890d832a8b6274e207183d698ee0f40c pattern:example/*.yaml|pyg: using cache for 'pattern:example/*.yaml|pyg'
dexy - INFO - running e28215b4e6996e3b712dbb976c00f6a7 pattern:example/*.md|pyg: about to run 'pattern:example/*.md|pyg'
dexy - INFO - running c067e5dcb9f8ed6905c8c876ae3add6b doc:example/index.md|pyg: about to run 'doc:example/index.md|pyg'
dexy - INFO - running ce6b28638a54ae44fef053136c662212 doc:example/index.md|jinja|markdown|easyhtml: about to run 'doc:example/index.md|jinja|markdown|easyhtml'
dexy - INFO - running 32bb636196f91ed59d7a49190e26b42c bundle:assets: about to run 'bundle:assets'
dexy - INFO - running b1394f77349aa2adbe7c78c18a72bc9b pattern:*.css|jinja: using cache for 'pattern:*.css|jinja'
dexy - INFO - running e83389bdd4d92df8e9bc65c5a3682c4f pattern:*.js: using cache for 'pattern:*.js'
dexy - INFO - running fc36854b6867c1581ab159b09dd7e2f4 pattern:*.png: using cache for 'pattern:*.png'
dexy - INFO - running ba967b4154d84066fb2b143c597ce9c0 pattern:*.jpg: using cache for 'pattern:*.jpg'
dexy - INFO - running 36a624834b20a3ed95c087ed1283b7c7 pattern:*.*|pyg: about to run 'pattern:*.*|pyg'
dexy - INFO - running 32dcf459ca280754bbc9cdb15eba56ab doc:_template.html|pyg: about to run 'doc:_template.html|pyg'
dexy - INFO - running 808754d01c804bfb580a679176a0bcac doc:jquery.js|pyg: about to run 'doc:jquery.js|pyg'
dexy - INFO - running 61fd7fdd9902614cd7862ecc17de4cbd doc:impress.pyc|pyg: about to run 'doc:impress.pyc|pyg'
dexy - WARNING - running 61fd7fdd9902614cd7862ecc17de4cbd doc:impress.pyc|pyg: Pygments doesn't know how to syntax highlight files like 'impress.pyc' (for 'impress.pyc|pyg').    You might need to specify the lexer manually.
dexy - INFO - running 9bd9bff25bbe53ddd14e69e0684af2f3 doc:example/data.csv|pyg: about to run 'doc:example/data.csv|pyg'
dexy - WARNING - running 9bd9bff25bbe53ddd14e69e0684af2f3 doc:example/data.csv|pyg: Pygments doesn't know how to syntax highlight files like 'example/data.csv' (for 'example/data.csv|pyg').    You might need to specify the lexer manually.
dexy - INFO - running b89fd9ffd8797197b0f2fbb4f5461d70 doc:impress.py|pyg: about to run 'doc:impress.py|pyg'
dexy - INFO - running fcd92c62ee55fe80a08d52ef0c80c37a doc:impress-demo.css|pyg: about to run 'doc:impress-demo.css|pyg'
dexy - INFO - running 577904de1d5a1d6eed9404bea9bfa51f doc:dexy.conf|pyg: about to run 'doc:dexy.conf|pyg'
dexy - WARNING - running 577904de1d5a1d6eed9404bea9bfa51f doc:dexy.conf|pyg: Pygments doesn't know how to syntax highlight files like 'dexy.conf' (for 'dexy.conf|pyg').    You might need to specify the lexer manually.
dexy - INFO - running 44453d62a4d57b2c8f5cd24a52bdbbad doc:impress.js|pyg: about to run 'doc:impress.js|pyg'
dexy - INFO - running 7ead4d8b53227f8ba4d087308f48aa56 doc:example/code002.py|pyg: about to run 'doc:example/code002.py|pyg'
dexy - INFO - running 5033fa61e2b13767c1a6a4619a7c1b4d doc:logo.png|pyg: about to run 'doc:logo.png|pyg'
dexy - WARNING - running 5033fa61e2b13767c1a6a4619a7c1b4d doc:logo.png|pyg: Pygments doesn't know how to syntax highlight files like 'logo.png' (for 'logo.png|pyg').    You might need to specify the lexer manually.
dexy - INFO - running 7b28dd3d34d412425d7cceda133a2a43 doc:example/dexy.yaml|pyg: about to run 'doc:example/dexy.yaml|pyg'
dexy - INFO - running b39afb0fecb274c906f17a180b04857e doc:slides.md|pyg: about to run 'doc:slides.md|pyg'
dexy - INFO - running c067e5dcb9f8ed6905c8c876ae3add6b doc:example/index.md|pyg: about to run 'doc:example/index.md|pyg'
dexy - INFO - running 31f2521a8452ae0bf3993c5c62e11291 doc:dexy.yaml|pyg: about to run 'doc:dexy.yaml|pyg'
dexy - INFO - running f3eaebc040ba3360c7edbf1523126ea4 doc:impress-new.py|pyg: about to run 'doc:impress-new.py|pyg'
dexy - INFO - running 502656619aabd2ab1a55d74dcdcdc24e doc:example/code001.py|pyg: about to run 'doc:example/code001.py|pyg'
dexy - INFO - running c842e85a65adda78b05d15de091a7b14 doc:README.md|pyg: about to run 'doc:README.md|pyg'
dexy - INFO - running 761ad4d80e152dc20d282f4757e0bef3 doc:slides.md|jinja|impress|markdown: about to run 'doc:slides.md|jinja|impress|markdown'
dexy - INFO - running 36cd38f49b9afa08222c0dc9ebfe35eb bundle:source: about to run 'bundle:source'
dexy - INFO - running ef5df339533c1334f081dc8cc75ee4f3 pattern:*.txt: using cache for 'pattern:*.txt'
dexy - INFO - running 08156acf3983f86025a242dd0c31efe5 pattern:*.md: using cache for 'pattern:*.md'
dexy - INFO - running 35856d4ea623cb3ec18b7dd1eee29417 pattern:*.py|idio: using cache for 'pattern:*.py|idio'
dexy - INFO - running 3582660fbd0ce50f930690eb51caa383 pattern:*.yaml|idio: about to run 'pattern:*.yaml|idio'
dexy - INFO - running 5eff7a7da8ef128ca447eb04f79b2f61 doc:example/dexy.yaml|idio: using cache for 'doc:example/dexy.yaml|idio'
dexy - INFO - running eda28aee39de7a9a9c925b9a3064b38e doc:dexy.yaml|idio: about to run 'doc:dexy.yaml|idio'
dexy - INFO - running 8a1f11d0b8b65e95a6533b0cfb845c66 pattern:*.yaml|pyg: about to run 'pattern:*.yaml|pyg'
dexy - INFO - running 7b28dd3d34d412425d7cceda133a2a43 doc:example/dexy.yaml|pyg: using cache for 'doc:example/dexy.yaml|pyg'
dexy - INFO - running 31f2521a8452ae0bf3993c5c62e11291 doc:dexy.yaml|pyg: about to run 'doc:dexy.yaml|pyg'
